0 info it worked if it ends with ok
1 verbose cli [ 'c:\\Program Files\\nodejs\\node.exe',
1 verbose cli   'c:\\Program Files\\nodejs\\node_modules\\npm\\bin\\npm-cli.js',
1 verbose cli   'install',
1 verbose cli   'angular2/http' ]
2 info using npm@3.6.0
3 info using node@v5.7.1
4 silly loadCurrentTree Starting
5 silly install loadCurrentTree
6 silly install readLocalPackageData
7 silly fetchPackageMetaData angular2/http
8 silly fetchOtherPackageData angular2/http
9 silly cache add args [ 'angular2/http', null ]
10 verbose cache add spec angular2/http
11 silly cache add parsed spec Result {
11 silly cache add   raw: 'angular2/http',
11 silly cache add   scope: null,
11 silly cache add   name: null,
11 silly cache add   rawSpec: 'angular2/http',
11 silly cache add   spec: 'github:angular2/http',
11 silly cache add   type: 'hosted',
11 silly cache add   hosted:
11 silly cache add    { type: 'github',
11 silly cache add      ssh: 'git@github.com:angular2/http.git',
11 silly cache add      sshUrl: 'git+ssh://git@github.com/angular2/http.git',
11 silly cache add      httpsUrl: 'git+https://github.com/angular2/http.git',
11 silly cache add      gitUrl: 'git://github.com/angular2/http.git',
11 silly cache add      shortcut: 'github:angular2/http',
11 silly cache add      directUrl: 'https://raw.githubusercontent.com/angular2/http/master/package.json' } }
12 verbose addRemoteGit caching angular2/http
13 verbose addRemoteGit angular2/http is a repository hosted by github
14 silly tryGitProto attempting to clone git://github.com/angular2/http.git
15 silly tryClone cloning angular2/http via git://github.com/angular2/http.git
16 verbose tryClone git-github-com-angular2-http-git-41a1d825 not in flight; caching
17 verbose correctMkdir C:\Users\Adam And Lauren\AppData\Roaming\npm-cache\_git-remotes correctMkdir not in flight; initializing
18 info git [ 'config', '--get', 'remote.origin.url' ]
19 warn addRemoteGit Error: Command failed: git -c core.longpaths=true config --get remote.origin.url
19 warn addRemoteGit
19 warn addRemoteGit     at ChildProcess.exithandler (child_process.js:202:12)
19 warn addRemoteGit     at emitTwo (events.js:100:13)
19 warn addRemoteGit     at ChildProcess.emit (events.js:185:7)
19 warn addRemoteGit     at maybeClose (internal/child_process.js:827:16)
19 warn addRemoteGit     at Socket.<anonymous> (internal/child_process.js:319:11)
19 warn addRemoteGit     at emitOne (events.js:90:13)
19 warn addRemoteGit     at Socket.emit (events.js:182:7)
19 warn addRemoteGit     at Pipe._onclose (net.js:475:12)
19 warn addRemoteGit  angular2/http resetting remote C:\Users\Adam And Lauren\AppData\Roaming\npm-cache\_git-remotes\git-github-com-angular2-http-git-41a1d825 because of error: { [Error: Command failed: git -c core.longpaths=true config --get remote.origin.url
19 warn addRemoteGit ]
19 warn addRemoteGit   killed: false,
19 warn addRemoteGit   code: 1,
19 warn addRemoteGit   signal: null,
19 warn addRemoteGit   cmd: 'git -c core.longpaths=true config --get remote.origin.url' }
20 info resetRemote resetting C:\Users\Adam And Lauren\AppData\Roaming\npm-cache\_git-remotes\git-github-com-angular2-http-git-41a1d825 for angular2/http
21 silly gentlyRm C:\Users\Adam And Lauren\AppData\Roaming\npm-cache\_git-remotes\git-github-com-angular2-http-git-41a1d825 is being purged
22 verbose gentlyRm don't care about contents; nuking C:\Users\Adam And Lauren\AppData\Roaming\npm-cache\_git-remotes\git-github-com-angular2-http-git-41a1d825
23 silly vacuum-fs purging C:\Users\Adam And Lauren\AppData\Roaming\npm-cache\_git-remotes\git-github-com-angular2-http-git-41a1d825
24 silly vacuum-fs quitting because other entries in C:\Users\Adam And Lauren\AppData\Roaming\npm-cache\_git-remotes
25 info git [ 'clone',
25 info git   '--template=C:\\Users\\Adam And Lauren\\AppData\\Roaming\\npm-cache\\_git-remotes\\_templates',
25 info git   '--mirror',
25 info git   'git://github.com/angular2/http.git',
25 info git   'C:\\Users\\Adam And Lauren\\AppData\\Roaming\\npm-cache\\_git-remotes\\git-github-com-angular2-http-git-41a1d825' ]
26 error git clone --template=C:\Users\Adam And Lauren\AppData\Roaming\npm-cache\_git-remotes\_templates --mirror git://github.com/angular2/http.git C:\Users\Adam And Lauren\AppData\Roaming\npm-cache\_git-remotes\git-github-com-angular2-http-git-41a1d825: Cloning into bare repository 'C:\Users\Adam And Lauren\AppData\Roaming\npm-cache\_git-remotes\git-github-com-angular2-http-git-41a1d825'...
26 error git clone --template=C:\Users\Adam And Lauren\AppData\Roaming\npm-cache\_git-remotes\_templates --mirror git://github.com/angular2/http.git C:\Users\Adam And Lauren\AppData\Roaming\npm-cache\_git-remotes\git-github-com-angular2-http-git-41a1d825: fatal: remote error:
26 error git clone --template=C:\Users\Adam And Lauren\AppData\Roaming\npm-cache\_git-remotes\_templates --mirror git://github.com/angular2/http.git C:\Users\Adam And Lauren\AppData\Roaming\npm-cache\_git-remotes\git-github-com-angular2-http-git-41a1d825:   Repository not found.
27 silly tryHTTPS attempting to clone git+https://github.com/angular2/http.git
28 silly tryClone cloning angular2/http via git+https://github.com/angular2/http.git
29 verbose tryClone git-https-github-com-angular2-http-git-dd24fb4b not in flight; caching
30 verbose correctMkdir C:\Users\Adam And Lauren\AppData\Roaming\npm-cache\_git-remotes correctMkdir not in flight; initializing
31 info git [ 'config', '--get', 'remote.origin.url' ]
32 warn addRemoteGit Error: Command failed: git -c core.longpaths=true config --get remote.origin.url
32 warn addRemoteGit
32 warn addRemoteGit     at ChildProcess.exithandler (child_process.js:202:12)
32 warn addRemoteGit     at emitTwo (events.js:100:13)
32 warn addRemoteGit     at ChildProcess.emit (events.js:185:7)
32 warn addRemoteGit     at maybeClose (internal/child_process.js:827:16)
32 warn addRemoteGit     at Process.ChildProcess._handle.onexit (internal/child_process.js:211:5)
32 warn addRemoteGit  angular2/http resetting remote C:\Users\Adam And Lauren\AppData\Roaming\npm-cache\_git-remotes\git-https-github-com-angular2-http-git-dd24fb4b because of error: { [Error: Command failed: git -c core.longpaths=true config --get remote.origin.url
32 warn addRemoteGit ]
32 warn addRemoteGit   killed: false,
32 warn addRemoteGit   code: 1,
32 warn addRemoteGit   signal: null,
32 warn addRemoteGit   cmd: 'git -c core.longpaths=true config --get remote.origin.url' }
33 info resetRemote resetting C:\Users\Adam And Lauren\AppData\Roaming\npm-cache\_git-remotes\git-https-github-com-angular2-http-git-dd24fb4b for angular2/http
34 silly gentlyRm C:\Users\Adam And Lauren\AppData\Roaming\npm-cache\_git-remotes\git-https-github-com-angular2-http-git-dd24fb4b is being purged
35 verbose gentlyRm don't care about contents; nuking C:\Users\Adam And Lauren\AppData\Roaming\npm-cache\_git-remotes\git-https-github-com-angular2-http-git-dd24fb4b
36 silly vacuum-fs purging C:\Users\Adam And Lauren\AppData\Roaming\npm-cache\_git-remotes\git-https-github-com-angular2-http-git-dd24fb4b
37 silly vacuum-fs quitting because other entries in C:\Users\Adam And Lauren\AppData\Roaming\npm-cache\_git-remotes
38 info git [ 'clone',
38 info git   '--template=C:\\Users\\Adam And Lauren\\AppData\\Roaming\\npm-cache\\_git-remotes\\_templates',
38 info git   '--mirror',
38 info git   'https://github.com/angular2/http.git',
38 info git   'C:\\Users\\Adam And Lauren\\AppData\\Roaming\\npm-cache\\_git-remotes\\git-https-github-com-angular2-http-git-dd24fb4b' ]
39 error git clone --template=C:\Users\Adam And Lauren\AppData\Roaming\npm-cache\_git-remotes\_templates --mirror https://github.com/angular2/http.git C:\Users\Adam And Lauren\AppData\Roaming\npm-cache\_git-remotes\git-https-github-com-angular2-http-git-dd24fb4b: Cloning into bare repository 'C:\Users\Adam And Lauren\AppData\Roaming\npm-cache\_git-remotes\git-https-github-com-angular2-http-git-dd24fb4b'...
39 error git clone --template=C:\Users\Adam And Lauren\AppData\Roaming\npm-cache\_git-remotes\_templates --mirror https://github.com/angular2/http.git C:\Users\Adam And Lauren\AppData\Roaming\npm-cache\_git-remotes\git-https-github-com-angular2-http-git-dd24fb4b: remote: Invalid username or password.
39 error git clone --template=C:\Users\Adam And Lauren\AppData\Roaming\npm-cache\_git-remotes\_templates --mirror https://github.com/angular2/http.git C:\Users\Adam And Lauren\AppData\Roaming\npm-cache\_git-remotes\git-https-github-com-angular2-http-git-dd24fb4b: fatal: Authentication failed for 'https://github.com/angular2/http.git/'
40 silly trySSH attempting to clone git@github.com:angular2/http.git
41 silly tryClone cloning angular2/http via git@github.com:angular2/http.git
42 verbose tryClone git-github-com-angular2-http-git-dcd3f75e not in flight; caching
43 verbose correctMkdir C:\Users\Adam And Lauren\AppData\Roaming\npm-cache\_git-remotes correctMkdir not in flight; initializing
44 info git [ 'config', '--get', 'remote.origin.url' ]
45 warn addRemoteGit Error: Command failed: git -c core.longpaths=true config --get remote.origin.url
45 warn addRemoteGit
45 warn addRemoteGit     at ChildProcess.exithandler (child_process.js:202:12)
45 warn addRemoteGit     at emitTwo (events.js:100:13)
45 warn addRemoteGit     at ChildProcess.emit (events.js:185:7)
45 warn addRemoteGit     at maybeClose (internal/child_process.js:827:16)
45 warn addRemoteGit     at Process.ChildProcess._handle.onexit (internal/child_process.js:211:5)
45 warn addRemoteGit  angular2/http resetting remote C:\Users\Adam And Lauren\AppData\Roaming\npm-cache\_git-remotes\git-github-com-angular2-http-git-dcd3f75e because of error: { [Error: Command failed: git -c core.longpaths=true config --get remote.origin.url
45 warn addRemoteGit ]
45 warn addRemoteGit   killed: false,
45 warn addRemoteGit   code: 1,
45 warn addRemoteGit   signal: null,
45 warn addRemoteGit   cmd: 'git -c core.longpaths=true config --get remote.origin.url' }
46 info resetRemote resetting C:\Users\Adam And Lauren\AppData\Roaming\npm-cache\_git-remotes\git-github-com-angular2-http-git-dcd3f75e for angular2/http
47 silly gentlyRm C:\Users\Adam And Lauren\AppData\Roaming\npm-cache\_git-remotes\git-github-com-angular2-http-git-dcd3f75e is being purged
48 verbose gentlyRm don't care about contents; nuking C:\Users\Adam And Lauren\AppData\Roaming\npm-cache\_git-remotes\git-github-com-angular2-http-git-dcd3f75e
49 silly vacuum-fs purging C:\Users\Adam And Lauren\AppData\Roaming\npm-cache\_git-remotes\git-github-com-angular2-http-git-dcd3f75e
50 silly vacuum-fs quitting because other entries in C:\Users\Adam And Lauren\AppData\Roaming\npm-cache\_git-remotes
51 info git [ 'clone',
51 info git   '--template=C:\\Users\\Adam And Lauren\\AppData\\Roaming\\npm-cache\\_git-remotes\\_templates',
51 info git   '--mirror',
51 info git   'git@github.com:angular2/http.git',
51 info git   'C:\\Users\\Adam And Lauren\\AppData\\Roaming\\npm-cache\\_git-remotes\\git-github-com-angular2-http-git-dcd3f75e' ]
52 error git clone --template=C:\Users\Adam And Lauren\AppData\Roaming\npm-cache\_git-remotes\_templates --mirror git@github.com:angular2/http.git C:\Users\Adam And Lauren\AppData\Roaming\npm-cache\_git-remotes\git-github-com-angular2-http-git-dcd3f75e: Cloning into bare repository 'C:\Users\Adam And Lauren\AppData\Roaming\npm-cache\_git-remotes\git-github-com-angular2-http-git-dcd3f75e'...
52 error git clone --template=C:\Users\Adam And Lauren\AppData\Roaming\npm-cache\_git-remotes\_templates --mirror git@github.com:angular2/http.git C:\Users\Adam And Lauren\AppData\Roaming\npm-cache\_git-remotes\git-github-com-angular2-http-git-dcd3f75e: Warning: Permanently added 'github.com,192.30.252.123' (RSA) to the list of known hosts.
52 error git clone --template=C:\Users\Adam And Lauren\AppData\Roaming\npm-cache\_git-remotes\_templates --mirror git@github.com:angular2/http.git C:\Users\Adam And Lauren\AppData\Roaming\npm-cache\_git-remotes\git-github-com-angular2-http-git-dcd3f75e: Permission denied (publickey).
52 error git clone --template=C:\Users\Adam And Lauren\AppData\Roaming\npm-cache\_git-remotes\_templates --mirror git@github.com:angular2/http.git C:\Users\Adam And Lauren\AppData\Roaming\npm-cache\_git-remotes\git-github-com-angular2-http-git-dcd3f75e: fatal: Could not read from remote repository.
52 error git clone --template=C:\Users\Adam And Lauren\AppData\Roaming\npm-cache\_git-remotes\_templates --mirror git@github.com:angular2/http.git C:\Users\Adam And Lauren\AppData\Roaming\npm-cache\_git-remotes\git-github-com-angular2-http-git-dcd3f75e:
52 error git clone --template=C:\Users\Adam And Lauren\AppData\Roaming\npm-cache\_git-remotes\_templates --mirror git@github.com:angular2/http.git C:\Users\Adam And Lauren\AppData\Roaming\npm-cache\_git-remotes\git-github-com-angular2-http-git-dcd3f75e: Please make sure you have the correct access rights
52 error git clone --template=C:\Users\Adam And Lauren\AppData\Roaming\npm-cache\_git-remotes\_templates --mirror git@github.com:angular2/http.git C:\Users\Adam And Lauren\AppData\Roaming\npm-cache\_git-remotes\git-github-com-angular2-http-git-dcd3f75e: and the repository exists.
53 silly fetchPackageMetaData Error: Command failed: git -c core.longpaths=true clone --template=C:\Users\Adam And Lauren\AppData\Roaming\npm-cache\_git-remotes\_templates --mirror git@github.com:angular2/http.git C:\Users\Adam And Lauren\AppData\Roaming\npm-cache\_git-remotes\git-github-com-angular2-http-git-dcd3f75e
53 silly fetchPackageMetaData Cloning into bare repository 'C:\Users\Adam And Lauren\AppData\Roaming\npm-cache\_git-remotes\git-github-com-angular2-http-git-dcd3f75e'...
53 silly fetchPackageMetaData Warning: Permanently added 'github.com,192.30.252.123' (RSA) to the list of known hosts.
53 silly fetchPackageMetaData Permission denied (publickey).
53 silly fetchPackageMetaData fatal: Could not read from remote repository.
53 silly fetchPackageMetaData
53 silly fetchPackageMetaData Please make sure you have the correct access rights
53 silly fetchPackageMetaData and the repository exists.
53 silly fetchPackageMetaData
53 silly fetchPackageMetaData     at ChildProcess.exithandler (child_process.js:202:12)
53 silly fetchPackageMetaData     at emitTwo (events.js:100:13)
53 silly fetchPackageMetaData     at ChildProcess.emit (events.js:185:7)
53 silly fetchPackageMetaData     at maybeClose (internal/child_process.js:827:16)
53 silly fetchPackageMetaData     at Process.ChildProcess._handle.onexit (internal/child_process.js:211:5)
53 silly fetchPackageMetaData  error for angular2/http { [Error: Command failed: git -c core.longpaths=true clone --template=C:\Users\Adam And Lauren\AppData\Roaming\npm-cache\_git-remotes\_templates --mirror git@github.com:angular2/http.git C:\Users\Adam And Lauren\AppData\Roaming\npm-cache\_git-remotes\git-github-com-angular2-http-git-dcd3f75e
53 silly fetchPackageMetaData Cloning into bare repository 'C:\Users\Adam And Lauren\AppData\Roaming\npm-cache\_git-remotes\git-github-com-angular2-http-git-dcd3f75e'...
53 silly fetchPackageMetaData Warning: Permanently added 'github.com,192.30.252.123' (RSA) to the list of known hosts.
53 silly fetchPackageMetaData Permission denied (publickey).
53 silly fetchPackageMetaData fatal: Could not read from remote repository.
53 silly fetchPackageMetaData
53 silly fetchPackageMetaData Please make sure you have the correct access rights
53 silly fetchPackageMetaData and the repository exists.
53 silly fetchPackageMetaData ]
53 silly fetchPackageMetaData   killed: false,
53 silly fetchPackageMetaData   code: 128,
53 silly fetchPackageMetaData   signal: null,
53 silly fetchPackageMetaData   cmd: 'git -c core.longpaths=true clone --template=C:\\Users\\Adam And Lauren\\AppData\\Roaming\\npm-cache\\_git-remotes\\_templates --mirror git@github.com:angular2/http.git C:\\Users\\Adam And Lauren\\AppData\\Roaming\\npm-cache\\_git-remotes\\git-github-com-angular2-http-git-dcd3f75e' }
54 silly rollbackFailedOptional Starting
55 silly rollbackFailedOptional Finishing
56 silly runTopLevelLifecycles Starting
57 silly runTopLevelLifecycles Finishing
58 silly install printInstalled
59 verbose stack Error: Command failed: git -c core.longpaths=true clone --template=C:\Users\Adam And Lauren\AppData\Roaming\npm-cache\_git-remotes\_templates --mirror git@github.com:angular2/http.git C:\Users\Adam And Lauren\AppData\Roaming\npm-cache\_git-remotes\git-github-com-angular2-http-git-dcd3f75e
59 verbose stack Cloning into bare repository 'C:\Users\Adam And Lauren\AppData\Roaming\npm-cache\_git-remotes\git-github-com-angular2-http-git-dcd3f75e'...
59 verbose stack Warning: Permanently added 'github.com,192.30.252.123' (RSA) to the list of known hosts.
59 verbose stack Permission denied (publickey).
59 verbose stack fatal: Could not read from remote repository.
59 verbose stack
59 verbose stack Please make sure you have the correct access rights
59 verbose stack and the repository exists.
59 verbose stack
59 verbose stack     at ChildProcess.exithandler (child_process.js:202:12)
59 verbose stack     at emitTwo (events.js:100:13)
59 verbose stack     at ChildProcess.emit (events.js:185:7)
59 verbose stack     at maybeClose (internal/child_process.js:827:16)
59 verbose stack     at Process.ChildProcess._handle.onexit (internal/child_process.js:211:5)
60 verbose cwd c:\Users\Adam And Lauren\Documents\Adam\projects\st_joseph_drama_club\src\main\resources\static
61 error Windows_NT 10.0.10586
62 error argv "c:\\Program Files\\nodejs\\node.exe" "c:\\Program Files\\nodejs\\node_modules\\npm\\bin\\npm-cli.js" "install" "angular2/http"
63 error node v5.7.1
64 error npm  v3.6.0
65 error code 128
66 error Command failed: git -c core.longpaths=true clone --template=C:\Users\Adam And Lauren\AppData\Roaming\npm-cache\_git-remotes\_templates --mirror git@github.com:angular2/http.git C:\Users\Adam And Lauren\AppData\Roaming\npm-cache\_git-remotes\git-github-com-angular2-http-git-dcd3f75e
66 error Cloning into bare repository 'C:\Users\Adam And Lauren\AppData\Roaming\npm-cache\_git-remotes\git-github-com-angular2-http-git-dcd3f75e'...
66 error Warning: Permanently added 'github.com,192.30.252.123' (RSA) to the list of known hosts.
66 error Permission denied (publickey).
66 error fatal: Could not read from remote repository.
66 error
66 error Please make sure you have the correct access rights
66 error and the repository exists.
67 error If you need help, you may report this error at:
67 error     <https://github.com/npm/npm/issues>
68 verbose exit [ 1, true ]
